Copyright 1986-2021 Xilinx, Inc. All Rights Reserved.
------------------------------------------------------------------------------------
| Tool Version : Vivado v.2021.1 (win64) Build 3247384 Thu Jun 10 19:36:33 MDT 2021
| Date         : Mon Jul  7 16:37:09 2025
| Host         : james running 64-bit major release  (build 9200)
| Command      : report_control_sets -verbose -file top_control_sets_placed.rpt
| Design       : top
| Device       : xc7a35t
------------------------------------------------------------------------------------

Control Set Information

Table of Contents
-----------------
1. Summary
2. Histogram
3. Flip-Flop Distribution
4. Detailed Control Set Information

1. Summary
----------

+----------------------------------------------------------+-------+
|                          Status                          | Count |
+----------------------------------------------------------+-------+
| Total control sets                                       |    16 |
|    Minimum number of control sets                        |    16 |
|    Addition due to synthesis replication                 |     0 |
|    Addition due to physical synthesis replication        |     0 |
| Unused register locations in slices containing registers |    49 |
+----------------------------------------------------------+-------+
* Control sets can be merged at opt_design using control_set_merge or merge_equivalent_drivers
** Run report_qor_suggestions for automated merging and remapping suggestions


2. Histogram
------------

+--------------------+-------+
|       Fanout       | Count |
+--------------------+-------+
| Total control sets |    16 |
| >= 0 to < 4        |     2 |
| >= 4 to < 6        |     4 |
| >= 6 to < 8        |     3 |
| >= 8 to < 10       |     2 |
| >= 10 to < 12      |     0 |
| >= 12 to < 14      |     0 |
| >= 14 to < 16      |     2 |
| >= 16              |     3 |
+--------------------+-------+
* Control sets can be remapped at either synth_design or opt_design


3. Flip-Flop Distribution
-------------------------

+--------------+-----------------------+------------------------+-----------------+--------------+
| Clock Enable | Synchronous Set/Reset | Asynchronous Set/Reset | Total Registers | Total Slices |
+--------------+-----------------------+------------------------+-----------------+--------------+
| No           | No                    | No                     |               0 |            0 |
| No           | No                    | Yes                    |             124 |           39 |
| No           | Yes                   | No                     |               0 |            0 |
| Yes          | No                    | No                     |              16 |            4 |
| Yes          | No                    | Yes                    |              99 |           34 |
| Yes          | Yes                   | No                     |               0 |            0 |
+--------------+-----------------------+------------------------+-----------------+--------------+


4. Detailed Control Set Information
-----------------------------------

+--------------------------------+---------------------------------------------+------------------+------------------+----------------+--------------+
|          Clock Signal          |                Enable Signal                | Set/Reset Signal | Slice Load Count | Bel Load Count | Bels / Slice |
+--------------------------------+---------------------------------------------+------------------+------------------+----------------+--------------+
|  clk_IBUF_BUFG                 | u_db_start/delay_counter[27]_i_3_0[0]       | reset_IBUF       |                1 |              1 |         1.00 |
|  clk_IBUF_BUFG                 | u_db_start/delay_counter[27]_i_3_0[3]       | reset_IBUF       |                1 |              1 |         1.00 |
|  u_clk_div/clk_1khz_reg_0_BUFG | u_db_start/counter                          | reset_IBUF       |                1 |              4 |         4.00 |
|  u_clk_div/clk_1khz_reg_0_BUFG | u_db_equal/counter                          | reset_IBUF       |                1 |              4 |         4.00 |
|  u_clk_div/clk_1khz_reg_0_BUFG | u_db_left/counter                           | reset_IBUF       |                1 |              4 |         4.00 |
|  u_clk_div/clk_1khz_reg_0_BUFG | u_db_right/counter                          | reset_IBUF       |                1 |              4 |         4.00 |
|  clk_IBUF_BUFG                 | u_db_start/FSM_sequential_state_reg[3]_3[0] | reset_IBUF       |                3 |              6 |         2.00 |
|  clk_IBUF_BUFG                 | u_db_start/delay_counter[27]_i_3_0[1]       | reset_IBUF       |                3 |              7 |         2.33 |
|  clk_IBUF_BUFG                 | u_db_start/delay_counter[27]_i_3_0[2]       | reset_IBUF       |                2 |              7 |         3.50 |
|  clk_IBUF_BUFG                 | u_db_start/E[0]                             |                  |                2 |              8 |         4.00 |
|  clk_IBUF_BUFG                 | u_db_start/reset[0]                         |                  |                2 |              8 |         4.00 |
|  clk_IBUF_BUFG                 | u_db_start/FSM_sequential_state_reg[3][0]   | reset_IBUF       |                4 |             14 |         3.50 |
|  u_clk_div/clk_1khz_reg_0_BUFG |                                             | reset_IBUF       |                5 |             14 |         2.80 |
|  clk_IBUF_BUFG                 | u_db_start/FSM_sequential_state_reg[3]_0[0] | reset_IBUF       |                9 |             20 |         2.22 |
|  clk_IBUF_BUFG                 | u_db_start/idle_anim_counter                | reset_IBUF       |                7 |             27 |         3.86 |
|  clk_IBUF_BUFG                 |                                             | reset_IBUF       |               34 |            110 |         3.24 |
+--------------------------------+---------------------------------------------+------------------+------------------+----------------+--------------+


